{
  "timestamp": "2025-07-30T20:34:02.869700",
  "total_suites": 5,
  "passed_suites": 2,
  "failed_suites": 3,
  "critical_suites": 4,
  "critical_passed": 1,
  "critical_failed": 3,
  "total_duration": 1.0366203784942627,
  "success_rate": 40.0,
  "critical_success_rate": 25.0,
  "overall_success": false,
  "results": [
    {
      "suite": "pattern_compliance",
      "name": "Pattern Specification Compliance",
      "success": false,
      "duration": 0.18850111961364746,
      "stdout": "============================= test session starts ==============================\nplatform darwin -- Python 3.11.12, pytest-8.4.1, pluggy-1.6.0 -- /Users/paulduvall/Code/ai-development-patterns/tests/venv/bin/python3\ncachedir: .pytest_cache\nmetadata: {'Python': '3.11.12', 'Platform': 'macOS-15.5-arm64-arm-64bit', 'Packages': {'pytest': '8.4.1', 'pluggy': '1.6.0'}, 'Plugins': {'html': '4.1.1', 'metadata': '3.1.1', 'cov': '6.2.1'}}\nrootdir: /Users/paulduvall/Code/ai-development-patterns/tests\nplugins: html-4.1.1, metadata-3.1.1, cov-6.2.1\ncollecting ... collected 10 items\n\ntest_pattern_compliance.py::TestPatternSpecCompliance::test_all_expected_patterns_exist PASSED [ 10%]\ntest_pattern_compliance.py::TestPatternSpecCompliance::test_pattern_header_structure PASSED [ 20%]\ntest_pattern_compliance.py::TestPatternSpecCompliance::test_maturity_levels_valid PASSED [ 30%]\ntest_pattern_compliance.py::TestPatternSpecCompliance::test_patterns_have_anti_patterns FAILED [ 40%]\ntest_pattern_compliance.py::TestPatternSpecCompliance::test_pattern_implementation_content_exists PASSED [ 50%]\ntest_pattern_compliance.py::TestPatternSpecCompliance::test_pattern_descriptions_are_single_sentence PASSED [ 60%]\ntest_pattern_compliance.py::TestPatternSpecCompliance::test_anti_patterns_have_descriptive_names PASSED [ 70%]\ntest_pattern_compliance.py::TestPatternSpecCompliance::test_pattern_organization_follows_spec PASSED [ 80%]\ntest_pattern_compliance.py::TestPatternSpecCompliance::test_related_patterns_are_hyperlinked PASSED [ 90%]\ntest_pattern_compliance.py::TestPatternSpecCompliance::test_reference_table_completeness PASSED [100%]\n\n=================================== FAILURES ===================================\n__________ TestPatternSpecCompliance.test_patterns_have_anti_patterns __________\ntest_pattern_compliance.py:108: in test_patterns_have_anti_patterns\n    assert not missing_anti_patterns, f\"Patterns missing anti-pattern sections: {missing_anti_patterns}\"\nE   AssertionError: Patterns missing anti-pattern sections: ['AI Readiness Assessment', 'AI Issue Generation', 'Specification Driven Development', 'Constraint-Based AI Development', 'AI-Driven Refactoring']\nE   assert not ['AI Readiness Assessment', 'AI Issue Generation', 'Specification Driven Development', 'Constraint-Based AI Development', 'AI-Driven Refactoring']\n- generated xml file: /Users/paulduvall/Code/ai-development-patterns/tests/test-results/pattern_compliance_results.xml -\n=========================== short test summary info ============================\nFAILED test_pattern_compliance.py::TestPatternSpecCompliance::test_patterns_have_anti_patterns\n========================= 1 failed, 9 passed in 0.04s ==========================\n",
      "stderr": "",
      "critical": true
    },
    {
      "suite": "readme_accuracy",
      "name": "README Accuracy & Consistency",
      "success": false,
      "duration": 0.15198826789855957,
      "stdout": "============================= test session starts ==============================\nplatform darwin -- Python 3.11.12, pytest-8.4.1, pluggy-1.6.0 -- /Users/paulduvall/Code/ai-development-patterns/tests/venv/bin/python3\ncachedir: .pytest_cache\nmetadata: {'Python': '3.11.12', 'Platform': 'macOS-15.5-arm64-arm-64bit', 'Packages': {'pytest': '8.4.1', 'pluggy': '1.6.0'}, 'Plugins': {'html': '4.1.1', 'metadata': '3.1.1', 'cov': '6.2.1'}}\nrootdir: /Users/paulduvall/Code/ai-development-patterns/tests\nplugins: html-4.1.1, metadata-3.1.1, cov-6.2.1\ncollecting ... collected 10 items\n\ntest_readme_accuracy.py::TestReadmeAccuracy::test_pattern_reference_table_matches_implementations PASSED [ 10%]\ntest_readme_accuracy.py::TestReadmeAccuracy::test_pattern_count_consistency FAILED [ 20%]\ntest_readme_accuracy.py::TestReadmeAccuracy::test_maturity_level_distribution PASSED [ 30%]\ntest_readme_accuracy.py::TestReadmeAccuracy::test_pattern_organization_structure FAILED [ 40%]\ntest_readme_accuracy.py::TestReadmeAccuracy::test_dependency_references_exist PASSED [ 50%]\ntest_readme_accuracy.py::TestReadmeAccuracy::test_mermaid_diagrams_syntax PASSED [ 60%]\ntest_readme_accuracy.py::TestReadmeAccuracy::test_code_block_language_tags PASSED [ 70%]\ntest_readme_accuracy.py::TestReadmeAccuracy::test_pattern_naming_consistency PASSED [ 80%]\ntest_readme_accuracy.py::TestReadmeAccuracy::test_anti_pattern_completeness FAILED [ 90%]\ntest_readme_accuracy.py::TestReadmeAccuracy::test_examples_directory_references PASSED [100%]\n\n=================================== FAILURES ===================================\n______________ TestReadmeAccuracy.test_pattern_count_consistency _______________\ntest_readme_accuracy.py:54: in test_pattern_count_consistency\n    assert len(foundation_patterns) >= 5, \\\nE   AssertionError: Expected at least 5 Foundation patterns, found 0\nE   assert 0 >= 5\nE    +  where 0 = len([])\n____________ TestReadmeAccuracy.test_pattern_organization_structure ____________\ntest_readme_accuracy.py:92: in test_pattern_organization_structure\n    assert found_sections == expected_order, \\\nE   AssertionError: Pattern sections not in correct order. Expected: ['Foundation Patterns', 'Development Patterns', 'Operations Patterns'], Found: []\nE   assert [] == ['Foundation ...ons Patterns']\nE     \nE     Right contains 3 more items, first extra item: 'Foundation Patterns'\nE     \nE     Full diff:\nE     + []\nE     - [\nE     -     'Foundation Patterns',...\nE     \nE     ...Full output truncated (3 lines hidden), use '-vv' to show\n______________ TestReadmeAccuracy.test_anti_pattern_completeness _______________\ntest_readme_accuracy.py:233: in test_anti_pattern_completeness\n    assert not insufficient_anti_patterns, \\\nE   AssertionError: Patterns with insufficient anti-pattern content: [{'pattern': 'AI Readiness Assessment', 'content_length': 0}, {'pattern': 'AI Issue Generation', 'content_length': 0}, {'pattern': 'Specification Driven Development', 'content_length': 0}, {'pattern': 'Constraint-Based AI Development', 'content_length': 0}, {'pattern': 'AI-Driven Refactoring', 'content_length': 0}]\nE   assert not [{'content_length': 0, 'pattern': 'AI Readiness Assessment'}, {'content_length': 0, 'pattern': 'AI Issue Generation'}, {'content_length': 0, 'pattern': 'Specification Driven Development'}, {'content_length': 0, 'pattern': 'Constraint-Based AI Development'}, {'content_length': 0, 'pattern': 'AI-Driven Refactoring'}]\n- generated xml file: /Users/paulduvall/Code/ai-development-patterns/tests/test-results/readme_accuracy_results.xml -\n=========================== short test summary info ============================\nFAILED test_readme_accuracy.py::TestReadmeAccuracy::test_pattern_count_consistency\nFAILED test_readme_accuracy.py::TestReadmeAccuracy::test_pattern_organization_structure\nFAILED test_readme_accuracy.py::TestReadmeAccuracy::test_anti_pattern_completeness\n========================= 3 failed, 7 passed in 0.03s ==========================\n",
      "stderr": "",
      "critical": true
    },
    {
      "suite": "link_validation",
      "name": "Hyperlink Integrity",
      "success": false,
      "duration": 0.21032190322875977,
      "stdout": "============================= test session starts ==============================\nplatform darwin -- Python 3.11.12, pytest-8.4.1, pluggy-1.6.0 -- /Users/paulduvall/Code/ai-development-patterns/tests/venv/bin/python3\ncachedir: .pytest_cache\nmetadata: {'Python': '3.11.12', 'Platform': 'macOS-15.5-arm64-arm-64bit', 'Packages': {'pytest': '8.4.1', 'pluggy': '1.6.0'}, 'Plugins': {'html': '4.1.1', 'metadata': '3.1.1', 'cov': '6.2.1'}}\nrootdir: /Users/paulduvall/Code/ai-development-patterns/tests\nplugins: html-4.1.1, metadata-3.1.1, cov-6.2.1\ncollecting ... collected 12 items / 1 deselected / 11 selected\n\ntest_links.py::TestHyperlinkIntegrity::test_internal_anchor_links_valid PASSED [  9%]\ntest_links.py::TestHyperlinkIntegrity::test_pattern_reference_links_work PASSED [ 18%]\ntest_links.py::TestHyperlinkIntegrity::test_related_patterns_links_valid FAILED [ 27%]\ntest_links.py::TestHyperlinkIntegrity::test_anchor_format_consistency PASSED [ 36%]\ntest_links.py::TestHyperlinkIntegrity::test_relative_file_links_exist FAILED [ 45%]\ntest_links.py::TestHyperlinkIntegrity::test_pattern_mentions_are_hyperlinked FAILED [ 54%]\ntest_links.py::TestHyperlinkIntegrity::test_no_broken_markdown_links FAILED [ 63%]\ntest_links.py::TestHyperlinkIntegrity::test_duplicate_anchor_targets PASSED [ 72%]\ntest_links.py::TestHyperlinkIntegrity::test_link_density_reasonable PASSED [ 81%]\ntest_links.py::TestLinkQuality::test_external_links_use_https PASSED     [ 90%]\ntest_links.py::TestLinkQuality::test_link_text_descriptive PASSED        [100%]\n\n=================================== FAILURES ===================================\n___________ TestHyperlinkIntegrity.test_related_patterns_links_valid ___________\ntest_links.py:66: in test_related_patterns_links_valid\n    assert not invalid_related_links, f\"Invalid related pattern links: {invalid_related_links}\"\nE   AssertionError: Invalid related pattern links: [{'pattern': 'AI Security Sandbox', 'related_pattern': 'Security & Compliance Patterns', 'expected_anchor': '#security--compliance-patterns'}, {'pattern': 'Specification Driven Development', 'related_pattern': 'Comprehensive AI Testing Strategy', 'expected_anchor': '#comprehensive-ai-testing-strategy'}, {'pattern': 'AI Choice Generation', 'related_pattern': 'Context Window Optimization', 'expected_anchor': '#context-window-optimization'}, {'pattern': 'Parallelized AI Coding Agents', 'related_pattern': 'AI Workflow Orchestration', 'expected_anchor': '#ai-workflow-orchestration'}, {'pattern': 'Constraint-Based AI Development', 'related_pattern': 'Human-AI Handoff Protocol', 'expected_anchor': '#human-ai-handoff-protocol'}, {'pattern': 'Atomic Task Decomposition', 'related_pattern': 'AI Workflow Orchestration', 'expected_anchor': '#ai-workflow-orchestration'}, {'pattern': 'Observable AI Development', 'related_pattern': 'Comprehensive AI Testing Strategy', 'expected_anchor': '#comprehensive-ai-testing-strategy'}, {'pattern': 'AI-Driven Refactoring', 'related_pattern': 'Comprehensive AI Testing Strategy', 'expected_anchor': '#comprehensive-ai-testing-strategy'}, {'pattern': 'AI-Driven Refactoring', 'related_pattern': 'Technical Debt Forecasting', 'expected_anchor': '#technical-debt-forecasting'}, {'pattern': 'AI-Driven Traceability', 'related_pattern': 'Comprehensive AI Testing Strategy', 'expected_anchor': '#comprehensive-ai-testing-strategy'}]\nE   assert not [{'expected_anchor': '#security--compliance-patterns', 'pattern': 'AI Security Sandbox', 'related_pattern': 'Security & Compliance Patterns'}, {'expected_anchor': '#comprehensive-ai-testing-strategy', 'pattern': 'Specification Driven Development', 'related_pattern': 'Comprehensive AI Testing Strategy'}, {'expected_anchor': '#context-window-optimization', 'pattern': 'AI Choice Generation', 'related_pattern': 'Context Window Optimization'}, {'expected_anchor': '#ai-workflow-orchestration', 'pattern': 'Parallelized AI Coding Agents', 'related_pattern': 'AI Workflow Orchestration'}, {'expected_anchor': '#human-ai-handoff-protocol', 'pattern': 'Constraint-Based AI Development', 'related_pattern': 'Human-AI Handoff Protocol'}, {'expected_anchor': '#ai-workflow-orchestration', 'pattern': 'Atomic Task Decomposition', 'related_pattern': 'AI Workflow Orchestration'}, ...]\n____________ TestHyperlinkIntegrity.test_relative_file_links_exist _____________\ntest_links.py:115: in test_relative_file_links_exist\n    assert not invalid_relative_links, f\"Invalid relative file links: {invalid_relative_links}\"\nE   AssertionError: Invalid relative file links: [{'link': 'experiments/#comprehensive-ai-testing-strategy', 'line': 174, 'error': 'File not found: experiments/#comprehensive-ai-testing-strategy', 'type': 'relative'}, {'link': 'experiments/#ai-workflow-orchestration', 'line': 178, 'error': 'File not found: experiments/#ai-workflow-orchestration', 'type': 'relative'}, {'link': 'experiments/#ai-review-automation', 'line': 179, 'error': 'File not found: experiments/#ai-review-automation', 'type': 'relative'}, {'link': 'experiments/#technical-debt-forecasting', 'line': 186, 'error': 'File not found: experiments/#technical-debt-forecasting', 'type': 'relative'}, {'link': 'experiments/#comprehensive-ai-testing-strategy', 'line': 711, 'error': 'File not found: experiments/#comprehensive-ai-testing-strategy', 'type': 'relative'}, {'link': 'experiments/#context-window-optimization', 'line': 862, 'error': 'File not found: experiments/#context-window-optimization', 'type': 'relative'}, {'link': 'experiments/#ai-workflow-orchestration', 'line': 908, 'error': 'File not found: experiments/#ai-workflow-orchestration', 'type': 'relative'}, {'link': 'experiments/#human-ai-handoff-protocol', 'line': 1133, 'error': 'File not found: experiments/#human-ai-handoff-protocol', 'type': 'relative'}, {'link': 'experiments/#ai-workflow-orchestration', 'line': 1154, 'error': 'File not found: experiments/#ai-workflow-orchestration', 'type': 'relative'}, {'link': 'experiments/#comprehensive-ai-testing-strategy', 'line': 1286, 'error': 'File not found: experiments/#comprehensive-ai-testing-strategy', 'type': 'relative'}, {'link': 'experiments/#comprehensive-ai-testing-strategy', 'line': 1355, 'error': 'File not found: experiments/#comprehensive-ai-testing-strategy', 'type': 'relative'}, {'link': 'experiments/#technical-debt-forecasting', 'line': 1355, 'error': 'File not found: experiments/#technical-debt-forecasting', 'type': 'relative'}, {'link': 'experiments/#comprehensive-ai-testing-strategy', 'line': 1511, 'error': 'File not found: experiments/#comprehensive-ai-testing-strategy', 'type': 'relative'}]\nE   assert not [{'error': 'File not found: experiments/#comprehensive-ai-testing-strategy', 'line': 174, 'link': 'experiments/#comprehensive-ai-testing-strategy', 'type': 'relative'}, {'error': 'File not found: experiments/#ai-workflow-orchestration', 'line': 178, 'link': 'experiments/#ai-workflow-orchestration', 'type': 'relative'}, {'error': 'File not found: experiments/#ai-review-automation', 'line': 179, 'link': 'experiments/#ai-review-automation', 'type': 'relative'}, {'error': 'File not found: experiments/#technical-debt-forecasting', 'line': 186, 'link': 'experiments/#technical-debt-forecasting', 'type': 'relative'}, {'error': 'File not found: experiments/#comprehensive-ai-testing-strategy', 'line': 711, 'link': 'experiments/#comprehensive-ai-testing-strategy', 'type': 'relative'}, {'error': 'File not found: experiments/#context-window-optimization', 'line': 862, 'link': 'experiments/#context-window-optimization', 'type': 'relative'}, ...]\n_________ TestHyperlinkIntegrity.test_pattern_mentions_are_hyperlinked _________\ntest_links.py:140: in test_pattern_mentions_are_hyperlinked\n    assert not critical_unlinked, f\"Pattern mentions not hyperlinked: {critical_unlinked}\"\nE   AssertionError: Pattern mentions not hyperlinked: [{'pattern': 'AI Readiness Assessment', 'line': 21, 'error': 'Pattern \"AI Readiness Assessment\" has incomplete link', 'type': 'incomplete_link'}, {'pattern': 'Rules as Code', 'line': 21, 'error': 'Pattern \"Rules as Code\" has incomplete link', 'type': 'incomplete_link'}, {'pattern': 'AI Security Sandbox', 'line': 22, 'error': 'Pattern \"AI Security Sandbox\" has incomplete link', 'type': 'incomplete_link'}, {'pattern': 'AI Developer Lifecycle', 'line': 23, 'error': 'Pattern \"AI Developer Lifecycle\" has incomplete link', 'type': 'incomplete_link'}, {'pattern': 'AI Issue Generation', 'line': 24, 'error': 'Pattern \"AI Issue Generation\" has incomplete link', 'type': 'incomplete_link'}, {'pattern': 'AI Tool Integration', 'line': 25, 'error': 'Pattern \"AI Tool Integration\" has incomplete link', 'type': 'incomplete_link'}, {'pattern': 'Specification Driven Development', 'line': 29, 'error': 'Pattern \"Specification Driven Development\" has incomplete link', 'type': 'incomplete_link'}, {'pattern': 'Progressive AI Enhancement', 'line': 30, 'error': 'Pattern \"Progressive AI Enhancement\" has incomplete link', 'type': 'incomplete_link'}, {'pattern': 'AI Choice Generation', 'line': 31, 'error': 'Pattern \"AI Choice Generation\" has incomplete link', 'type': 'incomplete_link'}, {'pattern': 'Atomic Task Decomposition', 'line': 32, 'error': 'Pattern \"Atomic Task Decomposition\" has incomplete link', 'type': 'incomplete_link'}, {'pattern': 'Parallelized AI Coding Agents', 'line': 33, 'error': 'Pattern \"Parallelized AI Coding Agents\" has incomplete link', 'type': 'incomplete_link'}, {'pattern': 'Policy-as-Code Generation', 'line': 37, 'error': 'Pattern \"Policy-as-Code Generation\" has incomplete link', 'type': 'incomplete_link'}, {'pattern': 'Security Scanning Orchestration', 'line': 38, 'error': 'Pattern \"Security Scanning Orchestration\" has incomplete link', 'type': 'incomplete_link'}, {'pattern': 'Performance Baseline Management', 'line': 39, 'error': 'Pattern \"Performance Baseline Management\" has incomplete link', 'type': 'incomplete_link'}, {'pattern': 'AI-Driven Traceability', 'line': 40, 'error': 'Pattern \"AI-Driven Traceability\" has incomplete link', 'type': 'incomplete_link'}, {'pattern': 'AI Security Sandbox', 'line': 44, 'error': 'Pattern \"AI Security Sandbox\" not hyperlinked', 'type': 'unlinked_pattern'}, {'pattern': 'AI Issue Generation', 'line': 101, 'error': 'Pattern \"AI Issue Generation\" has incomplete link', 'type': 'incomplete_link'}, {'pattern': 'Atomic Task Decomposition', 'line': 104, 'error': 'Pattern \"Atomic Task Decomposition\" has incomplete link', 'type': 'incomplete_link'}, {'pattern': 'AI Issue Generation', 'line': 116, 'error': 'Pattern \"AI Issue Generation\" not hyperlinked', 'type': 'unlinked_pattern'}, {'pattern': 'Atomic Task Decomposition', 'line': 117, 'error': 'Pattern \"Atomic Task Decomposition\" not hyperlinked', 'type': 'unlinked_pattern'}, {'pattern': 'Progressive AI Enhancement', 'line': 118, 'error': 'Pattern \"Progressive AI Enhancement\" not hyperlinked', 'type': 'unlinked_pattern'}, {'pattern': 'AI Issue Generation', 'line': 121, 'error': 'Pattern \"AI Issue Generation\" not hyperlinked', 'type': 'unlinked_pattern'}, {'pattern': 'Atomic Task Decomposition', 'line': 122, 'error': 'Pattern \"Atomic Task Decomposition\" not hyperlinked', 'type': 'unlinked_pattern'}, {'pattern': 'AI Issue Generation', 'line': 126, 'error': 'Pattern \"AI Issue Generation\" not hyperlinked', 'type': 'unlinked_pattern'}, {'pattern': 'Atomic Task Decomposition', 'line': 127, 'error': 'Pattern \"Atomic Task Decomposition\" not hyperlinked', 'type': 'unlinked_pattern'}, {'pattern': 'Progressive AI Enhancement', 'line': 128, 'error': 'Pattern \"Progressive AI Enhancement\" not hyperlinked', 'type': 'unlinked_pattern'}, {'pattern': 'AI Readiness Assessment', 'line': 143, 'error': 'Pattern \"AI Readiness Assessment\" has incomplete link', 'type': 'incomplete_link'}, {'pattern': 'Rules as Code', 'line': 144, 'error': 'Pattern \"Rules as Code\" has incomplete link', 'type': 'incomplete_link'}, {'pattern': 'AI Security Sandbox', 'line': 145, 'error': 'Pattern \"AI Security Sandbox\" has incomplete link', 'type': 'incomplete_link'}, {'pattern': 'AI Developer Lifecycle', 'line': 147, 'error': 'Pattern \"AI Developer Lifecycle\" has incomplete link', 'type': 'incomplete_link'}, {'pattern': 'Progressive AI Enhancement', 'line': 148, 'error': 'Pattern \"Progressive AI Enhancement\" has incomplete link', 'type': 'incomplete_link'}, {'pattern': 'Parallelized AI Coding Agents', 'line': 151, 'error': 'Pattern \"Parallelized AI Coding Agents\" has incomplete link', 'type': 'incomplete_link'}, {'pattern': 'Specification Driven Development', 'line': 152, 'error': 'Pattern \"Specification Driven Development\" has incomplete link', 'type': 'incomplete_link'}, {'pattern': 'Atomic Task Decomposition', 'line': 153, 'error': 'Pattern \"Atomic Task Decomposition\" has incomplete link', 'type': 'incomplete_link'}, {'pattern': 'AI-Driven Traceability', 'line': 154, 'error': 'Pattern \"AI-Driven Traceability\" has incomplete link', 'type': 'incomplete_link'}, {'pattern': 'Policy-as-Code Generation', 'line': 157, 'error': 'Pattern \"Policy-as-Code Generation\" has incomplete link', 'type': 'incomplete_link'}, {'pattern': 'Performance Baseline Management', 'line': 158, 'error': 'Pattern \"Performance Baseline Management\" has incomplete link', 'type': 'incomplete_link'}, {'pattern': 'Progressive AI Enhancement', 'line': 191, 'error': 'Pattern \"Progressive AI Enhancement\" not hyperlinked', 'type': 'unlinked_pattern'}, {'pattern': 'AI Choice Generation', 'line': 191, 'error': 'Pattern \"AI Choice Generation\" not hyperlinked', 'type': 'unlinked_pattern'}, {'pattern': 'AI Security Sandbox', 'line': 192, 'error': 'Pattern \"AI Security Sandbox\" not hyperlinked', 'type': 'unlinked_pattern'}, {'pattern': 'Constraint-Based AI Development', 'line': 192, 'error': 'Pattern \"Constraint-Based AI Development\" not hyperlinked', 'type': 'unlinked_pattern'}, {'pattern': 'AI Developer Lifecycle', 'line': 196, 'error': 'Pattern \"AI Developer Lifecycle\" not hyperlinked', 'type': 'unlinked_pattern'}, {'pattern': 'Policy-as-Code Generation', 'line': 196, 'error': 'Pattern \"Policy-as-Code Generation\" not hyperlinked', 'type': 'unlinked_pattern'}, {'pattern': 'AI-Driven Traceability', 'line': 197, 'error': 'Pattern \"AI-Driven Traceability\" not hyperlinked', 'type': 'unlinked_pattern'}, {'pattern': 'Security Scanning Orchestration', 'line': 197, 'error': 'Pattern \"Security Scanning Orchestration\" not hyperlinked', 'type': 'unlinked_pattern'}, {'pattern': 'AI Choice Generation', 'line': 201, 'error': 'Pattern \"AI Choice Generation\" not hyperlinked', 'type': 'unlinked_pattern'}, {'pattern': 'Observable AI Development', 'line': 201, 'error': 'Pattern \"Observable AI Development\" not hyperlinked', 'type': 'unlinked_pattern'}, {'pattern': 'AI Knowledge Persistence', 'line': 202, 'error': 'Pattern \"AI Knowledge Persistence\" not hyperlinked', 'type': 'unlinked_pattern'}, {'pattern': 'Parallelized AI Coding Agents', 'line': 206, 'error': 'Pattern \"Parallelized AI Coding Agents\" not hyperlinked', 'type': 'unlinked_pattern'}, {'pattern': 'Performance Baseline Management', 'line': 206, 'error': 'Pattern \"Performance Baseline Management\" not hyperlinked', 'type': 'unlinked_pattern'}, {'pattern': 'Progressive AI Enhancement', 'line': 213, 'error': 'Pattern \"Progressive AI Enhancement\" not hyperlinked', 'type': 'unlinked_pattern'}, {'pattern': 'AI Choice Generation', 'line': 213, 'error': 'Pattern \"AI Choice Generation\" not hyperlinked', 'type': 'unlinked_pattern'}, {'pattern': 'Observable AI Development', 'line': 214, 'error': 'Pattern \"Observable AI Development\" not hyperlinked', 'type': 'unlinked_pattern'}, {'pattern': 'AI Issue Generation', 'line': 218, 'error': 'Pattern \"AI Issue Generation\" not hyperlinked', 'type': 'unlinked_pattern'}, {'pattern': 'Specification Driven Development', 'line': 219, 'error': 'Pattern \"Specification Driven Development\" not hyperlinked', 'type': 'unlinked_pattern'}, {'pattern': 'AI Tool Integration', 'line': 220, 'error': 'Pattern \"AI Tool Integration\" not hyperlinked', 'type': 'unlinked_pattern'}, {'pattern': 'AI Developer Lifecycle', 'line': 221, 'error': 'Pattern \"AI Developer Lifecycle\" not hyperlinked', 'type': 'unlinked_pattern'}, {'pattern': 'Parallelized AI Coding Agents', 'line': 222, 'error': 'Pattern \"Parallelized AI Coding Agents\" not hyperlinked', 'type': 'unlinked_pattern'}, {'pattern': 'AI-Driven Traceability', 'line': 223, 'error': 'Pattern \"AI-Driven Traceability\" not hyperlinked', 'type': 'unlinked_pattern'}, {'pattern': 'Atomic Task Decomposition', 'line': 226, 'error': 'Pattern \"Atomic Task Decomposition\" not hyperlinked', 'type': 'unlinked_pattern'}, {'pattern': 'AI-Driven Traceability', 'line': 227, 'error': 'Pattern \"AI-Driven Traceability\" not hyperlinked', 'type': 'unlinked_pattern'}, {'pattern': 'Policy-as-Code Generation', 'line': 233, 'error': 'Pattern \"Policy-as-Code Generation\" not hyperlinked', 'type': 'unlinked_pattern'}, {'pattern': 'AI Security Sandbox', 'line': 238, 'error': 'Pattern \"AI Security Sandbox\" not hyperlinked', 'type': 'unlinked_pattern'}, {'pattern': 'AI Knowledge Persistence', 'line': 239, 'error': 'Pattern \"AI Knowledge Persistence\" not hyperlinked', 'type': 'unlinked_pattern'}, {'pattern': 'Parallelized AI Coding Agents', 'line': 243, 'error': 'Pattern \"Parallelized AI Coding Agents\" not hyperlinked', 'type': 'unlinked_pattern'}, {'pattern': 'Observable AI Development', 'line': 244, 'error': 'Pattern \"Observable AI Development\" not hyperlinked', 'type': 'unlinked_pattern'}, {'pattern': 'Performance Baseline Management', 'line': 245, 'error': 'Pattern \"Performance Baseline Management\" not hyperlinked', 'type': 'unlinked_pattern'}, {'pattern': 'Progressive AI Enhancement', 'line': 248, 'error': 'Pattern \"Progressive AI Enhancement\" not hyperlinked', 'type': 'unlinked_pattern'}, {'pattern': 'AI-Driven Refactoring', 'line': 249, 'error': 'Pattern \"AI-Driven Refactoring\" not hyperlinked', 'type': 'unlinked_pattern'}, {'pattern': 'Constraint-Based AI Development', 'line': 250, 'error': 'Pattern \"Constraint-Based AI Development\" not hyperlinked', 'type': 'unlinked_pattern'}, {'pattern': 'AI Security Sandbox', 'line': 530, 'error': 'Pattern \"AI Security Sandbox\" not hyperlinked', 'type': 'unlinked_pattern'}, {'pattern': 'Progressive AI Enhancement', 'line': 844, 'error': 'Pattern \"Progressive AI Enhancement\" not hyperlinked', 'type': 'unlinked_pattern'}, {'pattern': 'AI Security Sandbox', 'line': 1695, 'error': 'Pattern \"AI Security Sandbox\" not hyperlinked', 'type': 'unlinked_pattern'}]\nE   assert not [{'error': 'Pattern \"AI Readiness Assessment\" has incomplete link', 'line': 21, 'pattern': 'AI Readiness Assessment', 'type': 'incomplete_link'}, {'error': 'Pattern \"Rules as Code\" has incomplete link', 'line': 21, 'pattern': 'Rules as Code', 'type': 'incomplete_link'}, {'error': 'Pattern \"AI Security Sandbox\" has incomplete link', 'line': 22, 'pattern': 'AI Security Sandbox', 'type': 'incomplete_link'}, {'error': 'Pattern \"AI Developer Lifecycle\" has incomplete link', 'line': 23, 'pattern': 'AI Developer Lifecycle', 'type': 'incomplete_link'}, {'error': 'Pattern \"AI Issue Generation\" has incomplete link', 'line': 24, 'pattern': 'AI Issue Generation', 'type': 'incomplete_link'}, {'error': 'Pattern \"AI Tool Integration\" has incomplete link', 'line': 25, 'pattern': 'AI Tool Integration', 'type': 'incomplete_link'}, ...]\n_____________ TestHyperlinkIntegrity.test_no_broken_markdown_links _____________\ntest_links.py:190: in test_no_broken_markdown_links\n    assert not broken_markdown, f\"Broken markdown link syntax: {broken_markdown}\"\nE   AssertionError: Broken markdown link syntax: [{'line': 1248, 'content': 'return all([', 'issue': 'Unmatched brackets'}, {'line': 1248, 'content': 'return all([', 'issue': 'Unmatched parentheses in potential link'}, {'line': 1252, 'content': '])', 'issue': 'Unmatched brackets'}, {'line': 1252, 'content': '])', 'issue': 'Unmatched parentheses in potential link'}]\nE   assert not [{'content': 'return all([', 'issue': 'Unmatched brackets', 'line': 1248}, {'content': 'return all([', 'issue': 'Unmatched parentheses in potential link', 'line': 1248}, {'content': '])', 'issue': 'Unmatched brackets', 'line': 1252}, {'content': '])', 'issue': 'Unmatched parentheses in potential link', 'line': 1252}]\n=============================== warnings summary ===============================\ntest_links.py:90\n  /Users/paulduvall/Code/ai-development-patterns/tests/test_links.py:90: PytestUnknownMarkWarning: Unknown pytest.mark.slow - is this a typo?  You can register custom marks to avoid this warning - for details, see https://docs.pytest.org/en/stable/how-to/mark.html\n    @pytest.mark.slow\n\n-- Docs: https://docs.pytest.org/en/stable/how-to/capture-warnings.html\n- generated xml file: /Users/paulduvall/Code/ai-development-patterns/tests/test-results/link_validation_results.xml -\n=========================== short test summary info ============================\nFAILED test_links.py::TestHyperlinkIntegrity::test_related_patterns_links_valid\nFAILED test_links.py::TestHyperlinkIntegrity::test_relative_file_links_exist\nFAILED test_links.py::TestHyperlinkIntegrity::test_pattern_mentions_are_hyperlinked\nFAILED test_links.py::TestHyperlinkIntegrity::test_no_broken_markdown_links\n============= 4 failed, 7 passed, 1 deselected, 1 warning in 0.08s =============\n",
      "stderr": "",
      "critical": true
    },
    {
      "suite": "example_validation",
      "name": "Example Code Validation",
      "success": true,
      "duration": 0.355471134185791,
      "stdout": "============================= test session starts ==============================\nplatform darwin -- Python 3.11.12, pytest-8.4.1, pluggy-1.6.0 -- /Users/paulduvall/Code/ai-development-patterns/tests/venv/bin/python3\ncachedir: .pytest_cache\nmetadata: {'Python': '3.11.12', 'Platform': 'macOS-15.5-arm64-arm-64bit', 'Packages': {'pytest': '8.4.1', 'pluggy': '1.6.0'}, 'Plugins': {'html': '4.1.1', 'metadata': '3.1.1', 'cov': '6.2.1'}}\nrootdir: /Users/paulduvall/Code/ai-development-patterns/tests\nplugins: html-4.1.1, metadata-3.1.1, cov-6.2.1\ncollecting ... collected 13 items\n\ntest_examples.py::TestCodeExamples::test_readme_code_blocks_syntax_valid PASSED [  7%]\ntest_examples.py::TestCodeExamples::test_python_code_blocks_parseable PASSED [ 15%]\ntest_examples.py::TestCodeExamples::test_bash_scripts_syntax_valid PASSED [ 23%]\ntest_examples.py::TestCodeExamples::test_yaml_config_files_valid PASSED  [ 30%]\ntest_examples.py::TestCodeExamples::test_json_examples_valid PASSED      [ 38%]\ntest_examples.py::TestExampleDirectories::test_all_example_directories_valid PASSED [ 46%]\ntest_examples.py::TestExampleDirectories::test_example_directories_have_readmes PASSED [ 53%]\ntest_examples.py::TestExampleDirectories::test_python_files_in_examples_valid PASSED [ 61%]\ntest_examples.py::TestExampleDirectories::test_shell_scripts_in_examples_valid PASSED [ 69%]\ntest_examples.py::TestExampleDirectories::test_dockerfile_syntax_in_examples PASSED [ 76%]\ntest_examples.py::TestExampleDirectories::test_requirements_files_format PASSED [ 84%]\ntest_examples.py::TestExampleCompleteness::test_patterns_have_example_implementations PASSED [ 92%]\ntest_examples.py::TestExampleCompleteness::test_example_directories_match_patterns PASSED [100%]\n\n- generated xml file: /Users/paulduvall/Code/ai-development-patterns/tests/test-results/example_validation_results.xml -\n============================== 13 passed in 0.23s ==============================\n",
      "stderr": "",
      "critical": false
    },
    {
      "suite": "dependency_validation",
      "name": "Pattern Dependencies",
      "success": true,
      "duration": 0.13033795356750488,
      "stdout": "============================= test session starts ==============================\nplatform darwin -- Python 3.11.12, pytest-8.4.1, pluggy-1.6.0 -- /Users/paulduvall/Code/ai-development-patterns/tests/venv/bin/python3\ncachedir: .pytest_cache\nmetadata: {'Python': '3.11.12', 'Platform': 'macOS-15.5-arm64-arm-64bit', 'Packages': {'pytest': '8.4.1', 'pluggy': '1.6.0'}, 'Plugins': {'html': '4.1.1', 'metadata': '3.1.1', 'cov': '6.2.1'}}\nrootdir: /Users/paulduvall/Code/ai-development-patterns/tests\nplugins: html-4.1.1, metadata-3.1.1, cov-6.2.1\ncollecting ... collected 10 items\n\ntest_dependencies.py::TestPatternDependencies::test_all_dependencies_exist PASSED [ 10%]\ntest_dependencies.py::TestPatternDependencies::test_no_circular_dependencies PASSED [ 20%]\ntest_dependencies.py::TestPatternDependencies::test_maturity_level_dependency_logic PASSED [ 30%]\ntest_dependencies.py::TestPatternDependencies::test_foundation_patterns_minimal_dependencies PASSED [ 40%]\ntest_dependencies.py::TestPatternDependencies::test_dependency_depth_reasonable PASSED [ 50%]\ntest_dependencies.py::TestPatternDependencies::test_beginner_patterns_have_no_dependencies PASSED [ 60%]\ntest_dependencies.py::TestPatternDependencies::test_dependency_categories_logical PASSED [ 70%]\ntest_dependencies.py::TestPatternDependencies::test_reference_table_dependency_format PASSED [ 80%]\ntest_dependencies.py::TestDependencyGraph::test_dependency_graph_connected PASSED [ 90%]\ntest_dependencies.py::TestDependencyGraph::test_dependency_graph_metrics PASSED [100%]\n\n- generated xml file: /Users/paulduvall/Code/ai-development-patterns/tests/test-results/dependency_validation_results.xml -\n============================== 10 passed in 0.01s ==============================\n",
      "stderr": "",
      "critical": true
    }
  ]
}