<?xml version="1.0" encoding="utf-8"?><testsuites name="pytest tests"><testsuite name="pytest" errors="0" failures="0" skipped="0" tests="10" time="0.012" timestamp="2025-07-30T20:27:32.229702-04:00" hostname="Zenith"><testcase classname="test_dependencies.TestPatternDependencies" name="test_all_dependencies_exist" time="0.000" /><testcase classname="test_dependencies.TestPatternDependencies" name="test_no_circular_dependencies" time="0.000" /><testcase classname="test_dependencies.TestPatternDependencies" name="test_maturity_level_dependency_logic" time="0.000" /><testcase classname="test_dependencies.TestPatternDependencies" name="test_foundation_patterns_minimal_dependencies" time="0.000" /><testcase classname="test_dependencies.TestPatternDependencies" name="test_dependency_depth_reasonable" time="0.000" /><testcase classname="test_dependencies.TestPatternDependencies" name="test_beginner_patterns_have_no_dependencies" time="0.000" /><testcase classname="test_dependencies.TestPatternDependencies" name="test_dependency_categories_logical" time="0.000" /><testcase classname="test_dependencies.TestPatternDependencies" name="test_reference_table_dependency_format" time="0.000" /><testcase classname="test_dependencies.TestDependencyGraph" name="test_dependency_graph_connected" time="0.000" /><testcase classname="test_dependencies.TestDependencyGraph" name="test_dependency_graph_metrics" time="0.000" /></testsuite></testsuites>