<?xml version="1.0" encoding="utf-8"?><testsuites name="pytest tests"><testsuite name="pytest" errors="0" failures="0" skipped="0" tests="13" time="0.222" timestamp="2025-07-30T20:27:31.885193-04:00" hostname="Zenith"><testcase classname="test_examples.TestCodeExamples" name="test_readme_code_blocks_syntax_valid" time="0.055" /><testcase classname="test_examples.TestCodeExamples" name="test_python_code_blocks_parseable" time="0.001" /><testcase classname="test_examples.TestCodeExamples" name="test_bash_scripts_syntax_valid" time="0.010" /><testcase classname="test_examples.TestCodeExamples" name="test_yaml_config_files_valid" time="0.002" /><testcase classname="test_examples.TestCodeExamples" name="test_json_examples_valid" time="0.000" /><testcase classname="test_examples.TestExampleDirectories" name="test_all_example_directories_valid" time="0.094" /><testcase classname="test_examples.TestExampleDirectories" name="test_example_directories_have_readmes" time="0.000" /><testcase classname="test_examples.TestExampleDirectories" name="test_python_files_in_examples_valid" time="0.008" /><testcase classname="test_examples.TestExampleDirectories" name="test_shell_scripts_in_examples_valid" time="0.028" /><testcase classname="test_examples.TestExampleDirectories" name="test_dockerfile_syntax_in_examples" time="0.002" /><testcase classname="test_examples.TestExampleDirectories" name="test_requirements_files_format" time="0.001" /><testcase classname="test_examples.TestExampleCompleteness" name="test_patterns_have_example_implementations" time="0.003" /><testcase classname="test_examples.TestExampleCompleteness" name="test_example_directories_match_patterns" time="0.002" /></testsuite></testsuites>