<?xml version="1.0" encoding="utf-8"?><testsuites name="pytest tests"><testsuite name="pytest" errors="0" failures="5" skipped="0" tests="11" time="0.100" timestamp="2025-07-30T20:27:31.656998-04:00" hostname="Zenith"><testcase classname="test_links.TestHyperlinkIntegrity" name="test_internal_anchor_links_valid" time="0.001" /><testcase classname="test_links.TestHyperlinkIntegrity" name="test_pattern_reference_links_work" time="0.001" /><testcase classname="test_links.TestHyperlinkIntegrity" name="test_related_patterns_links_valid" time="0.003"><failure message="AssertionError: Invalid related pattern links: [{'pattern': 'AI Security Sandbox', 'related_pattern': 'Security &amp; Compliance Patterns', 'expected_anchor': '#security--compliance-patterns'}, {'pattern': 'Specification Driven Development', 'related_pattern': 'Comprehensive AI Testing Strategy', 'expected_anchor': '#comprehensive-ai-testing-strategy'}, {'pattern': 'AI Choice Generation', 'related_pattern': 'Context Window Optimization', 'expected_anchor': '#context-window-optimization'}, {'pattern': 'Parallelized AI Coding Agents', 'related_pattern': 'AI Workflow Orchestration', 'expected_anchor': '#ai-workflow-orchestration'}, {'pattern': 'Constraint-Based AI Development', 'related_pattern': 'Human-AI Handoff Protocol', 'expected_anchor': '#human-ai-handoff-protocol'}, {'pattern': 'Atomic Task Decomposition', 'related_pattern': 'AI Workflow Orchestration', 'expected_anchor': '#ai-workflow-orchestration'}, {'pattern': 'Observable AI Development', 'related_pattern': 'Comprehensive AI Testing Strategy', 'expected_anchor': '#comprehensive-ai-testing-strategy'}, {'pattern': 'AI-Driven Refactoring', 'related_pattern': 'Comprehensive AI Testing Strategy', 'expected_anchor': '#comprehensive-ai-testing-strategy'}, {'pattern': 'AI-Driven Refactoring', 'related_pattern': 'Technical Debt Forecasting', 'expected_anchor': '#technical-debt-forecasting'}, {'pattern': 'AI-Driven Traceability', 'related_pattern': 'Comprehensive AI Testing Strategy', 'expected_anchor': '#comprehensive-ai-testing-strategy'}]&#10;assert not [{'expected_anchor': '#security--compliance-patterns', 'pattern': 'AI Security Sandbox', 'related_pattern': 'Security &amp; Compliance Patterns'}, {'expected_anchor': '#comprehensive-ai-testing-strategy', 'pattern': 'Specification Driven Development', 'related_pattern': 'Comprehensive AI Testing Strategy'}, {'expected_anchor': '#context-window-optimization', 'pattern': 'AI Choice Generation', 'related_pattern': 'Context Window Optimization'}, {'expected_anchor': '#ai-workflow-orchestration', 'pattern': 'Parallelized AI Coding Agents', 'related_pattern': 'AI Workflow Orchestration'}, {'expected_anchor': '#human-ai-handoff-protocol', 'pattern': 'Constraint-Based AI Development', 'related_pattern': 'Human-AI Handoff Protocol'}, {'expected_anchor': '#ai-workflow-orchestration', 'pattern': 'Atomic Task Decomposition', 'related_pattern': 'AI Workflow Orchestration'}, ...]">test_links.py:66: in test_related_patterns_links_valid
    assert not invalid_related_links, f"Invalid related pattern links: {invalid_related_links}"
E   AssertionError: Invalid related pattern links: [{'pattern': 'AI Security Sandbox', 'related_pattern': 'Security &amp; Compliance Patterns', 'expected_anchor': '#security--compliance-patterns'}, {'pattern': 'Specification Driven Development', 'related_pattern': 'Comprehensive AI Testing Strategy', 'expected_anchor': '#comprehensive-ai-testing-strategy'}, {'pattern': 'AI Choice Generation', 'related_pattern': 'Context Window Optimization', 'expected_anchor': '#context-window-optimization'}, {'pattern': 'Parallelized AI Coding Agents', 'related_pattern': 'AI Workflow Orchestration', 'expected_anchor': '#ai-workflow-orchestration'}, {'pattern': 'Constraint-Based AI Development', 'related_pattern': 'Human-AI Handoff Protocol', 'expected_anchor': '#human-ai-handoff-protocol'}, {'pattern': 'Atomic Task Decomposition', 'related_pattern': 'AI Workflow Orchestration', 'expected_anchor': '#ai-workflow-orchestration'}, {'pattern': 'Observable AI Development', 'related_pattern': 'Comprehensive AI Testing Strategy', 'expected_anchor': '#comprehensive-ai-testing-strategy'}, {'pattern': 'AI-Driven Refactoring', 'related_pattern': 'Comprehensive AI Testing Strategy', 'expected_anchor': '#comprehensive-ai-testing-strategy'}, {'pattern': 'AI-Driven Refactoring', 'related_pattern': 'Technical Debt Forecasting', 'expected_anchor': '#technical-debt-forecasting'}, {'pattern': 'AI-Driven Traceability', 'related_pattern': 'Comprehensive AI Testing Strategy', 'expected_anchor': '#comprehensive-ai-testing-strategy'}]
E   assert not [{'expected_anchor': '#security--compliance-patterns', 'pattern': 'AI Security Sandbox', 'related_pattern': 'Security &amp; Compliance Patterns'}, {'expected_anchor': '#comprehensive-ai-testing-strategy', 'pattern': 'Specification Driven Development', 'related_pattern': 'Comprehensive AI Testing Strategy'}, {'expected_anchor': '#context-window-optimization', 'pattern': 'AI Choice Generation', 'related_pattern': 'Context Window Optimization'}, {'expected_anchor': '#ai-workflow-orchestration', 'pattern': 'Parallelized AI Coding Agents', 'related_pattern': 'AI Workflow Orchestration'}, {'expected_anchor': '#human-ai-handoff-protocol', 'pattern': 'Constraint-Based AI Development', 'related_pattern': 'Human-AI Handoff Protocol'}, {'expected_anchor': '#ai-workflow-orchestration', 'pattern': 'Atomic Task Decomposition', 'related_pattern': 'AI Workflow Orchestration'}, ...]</failure></testcase><testcase classname="test_links.TestHyperlinkIntegrity" name="test_anchor_format_consistency" time="0.000" /><testcase classname="test_links.TestHyperlinkIntegrity" name="test_relative_file_links_exist" time="0.001"><failure message="AssertionError: Invalid relative file links: [{'link': 'experiments/#comprehensive-ai-testing-strategy', 'line': 174, 'error': 'File not found: experiments/#comprehensive-ai-testing-strategy', 'type': 'relative'}, {'link': 'experiments/#ai-workflow-orchestration', 'line': 178, 'error': 'File not found: experiments/#ai-workflow-orchestration', 'type': 'relative'}, {'link': 'experiments/#ai-review-automation', 'line': 179, 'error': 'File not found: experiments/#ai-review-automation', 'type': 'relative'}, {'link': 'experiments/#technical-debt-forecasting', 'line': 186, 'error': 'File not found: experiments/#technical-debt-forecasting', 'type': 'relative'}, {'link': 'experiments/#comprehensive-ai-testing-strategy', 'line': 711, 'error': 'File not found: experiments/#comprehensive-ai-testing-strategy', 'type': 'relative'}, {'link': 'experiments/#context-window-optimization', 'line': 862, 'error': 'File not found: experiments/#context-window-optimization', 'type': 'relative'}, {'link': 'experiments/#ai-workflow-orchestration', 'line': 908, 'error': 'File not found: experiments/#ai-workflow-orchestration', 'type': 'relative'}, {'link': 'experiments/#human-ai-handoff-protocol', 'line': 1133, 'error': 'File not found: experiments/#human-ai-handoff-protocol', 'type': 'relative'}, {'link': 'experiments/#ai-workflow-orchestration', 'line': 1154, 'error': 'File not found: experiments/#ai-workflow-orchestration', 'type': 'relative'}, {'link': 'experiments/#comprehensive-ai-testing-strategy', 'line': 1286, 'error': 'File not found: experiments/#comprehensive-ai-testing-strategy', 'type': 'relative'}, {'link': 'experiments/#comprehensive-ai-testing-strategy', 'line': 1355, 'error': 'File not found: experiments/#comprehensive-ai-testing-strategy', 'type': 'relative'}, {'link': 'experiments/#technical-debt-forecasting', 'line': 1355, 'error': 'File not found: experiments/#technical-debt-forecasting', 'type': 'relative'}, {'link': 'experiments/#comprehensive-ai-testing-strategy', 'line': 1511, 'error': 'File not found: experiments/#comprehensive-ai-testing-strategy', 'type': 'relative'}]&#10;assert not [{'error': 'File not found: experiments/#comprehensive-ai-testing-strategy', 'line': 174, 'link': 'experiments/#comprehensive-ai-testing-strategy', 'type': 'relative'}, {'error': 'File not found: experiments/#ai-workflow-orchestration', 'line': 178, 'link': 'experiments/#ai-workflow-orchestration', 'type': 'relative'}, {'error': 'File not found: experiments/#ai-review-automation', 'line': 179, 'link': 'experiments/#ai-review-automation', 'type': 'relative'}, {'error': 'File not found: experiments/#technical-debt-forecasting', 'line': 186, 'link': 'experiments/#technical-debt-forecasting', 'type': 'relative'}, {'error': 'File not found: experiments/#comprehensive-ai-testing-strategy', 'line': 711, 'link': 'experiments/#comprehensive-ai-testing-strategy', 'type': 'relative'}, {'error': 'File not found: experiments/#context-window-optimization', 'line': 862, 'link': 'experiments/#context-window-optimization', 'type': 'relative'}, ...]">test_links.py:115: in test_relative_file_links_exist
    assert not invalid_relative_links, f"Invalid relative file links: {invalid_relative_links}"
E   AssertionError: Invalid relative file links: [{'link': 'experiments/#comprehensive-ai-testing-strategy', 'line': 174, 'error': 'File not found: experiments/#comprehensive-ai-testing-strategy', 'type': 'relative'}, {'link': 'experiments/#ai-workflow-orchestration', 'line': 178, 'error': 'File not found: experiments/#ai-workflow-orchestration', 'type': 'relative'}, {'link': 'experiments/#ai-review-automation', 'line': 179, 'error': 'File not found: experiments/#ai-review-automation', 'type': 'relative'}, {'link': 'experiments/#technical-debt-forecasting', 'line': 186, 'error': 'File not found: experiments/#technical-debt-forecasting', 'type': 'relative'}, {'link': 'experiments/#comprehensive-ai-testing-strategy', 'line': 711, 'error': 'File not found: experiments/#comprehensive-ai-testing-strategy', 'type': 'relative'}, {'link': 'experiments/#context-window-optimization', 'line': 862, 'error': 'File not found: experiments/#context-window-optimization', 'type': 'relative'}, {'link': 'experiments/#ai-workflow-orchestration', 'line': 908, 'error': 'File not found: experiments/#ai-workflow-orchestration', 'type': 'relative'}, {'link': 'experiments/#human-ai-handoff-protocol', 'line': 1133, 'error': 'File not found: experiments/#human-ai-handoff-protocol', 'type': 'relative'}, {'link': 'experiments/#ai-workflow-orchestration', 'line': 1154, 'error': 'File not found: experiments/#ai-workflow-orchestration', 'type': 'relative'}, {'link': 'experiments/#comprehensive-ai-testing-strategy', 'line': 1286, 'error': 'File not found: experiments/#comprehensive-ai-testing-strategy', 'type': 'relative'}, {'link': 'experiments/#comprehensive-ai-testing-strategy', 'line': 1355, 'error': 'File not found: experiments/#comprehensive-ai-testing-strategy', 'type': 'relative'}, {'link': 'experiments/#technical-debt-forecasting', 'line': 1355, 'error': 'File not found: experiments/#technical-debt-forecasting', 'type': 'relative'}, {'link': 'experiments/#comprehensive-ai-testing-strategy', 'line': 1511, 'error': 'File not found: experiments/#comprehensive-ai-testing-strategy', 'type': 'relative'}]
E   assert not [{'error': 'File not found: experiments/#comprehensive-ai-testing-strategy', 'line': 174, 'link': 'experiments/#comprehensive-ai-testing-strategy', 'type': 'relative'}, {'error': 'File not found: experiments/#ai-workflow-orchestration', 'line': 178, 'link': 'experiments/#ai-workflow-orchestration', 'type': 'relative'}, {'error': 'File not found: experiments/#ai-review-automation', 'line': 179, 'link': 'experiments/#ai-review-automation', 'type': 'relative'}, {'error': 'File not found: experiments/#technical-debt-forecasting', 'line': 186, 'link': 'experiments/#technical-debt-forecasting', 'type': 'relative'}, {'error': 'File not found: experiments/#comprehensive-ai-testing-strategy', 'line': 711, 'link': 'experiments/#comprehensive-ai-testing-strategy', 'type': 'relative'}, {'error': 'File not found: experiments/#context-window-optimization', 'line': 862, 'link': 'experiments/#context-window-optimization', 'type': 'relative'}, ...]</failure></testcase><testcase classname="test_links.TestHyperlinkIntegrity" name="test_pattern_mentions_are_hyperlinked" time="0.011"><failure message="AssertionError: Pattern mentions not hyperlinked: [{'pattern': 'AI Readiness Assessment', 'line': 21, 'error': 'Pattern &quot;AI Readiness Assessment&quot; has incomplete link', 'type': 'incomplete_link'}, {'pattern': 'Rules as Code', 'line': 21, 'error': 'Pattern &quot;Rules as Code&quot; has incomplete link', 'type': 'incomplete_link'}, {'pattern': 'AI Security Sandbox', 'line': 22, 'error': 'Pattern &quot;AI Security Sandbox&quot; has incomplete link', 'type': 'incomplete_link'}, {'pattern': 'AI Developer Lifecycle', 'line': 23, 'error': 'Pattern &quot;AI Developer Lifecycle&quot; has incomplete link', 'type': 'incomplete_link'}, {'pattern': 'AI Issue Generation', 'line': 24, 'error': 'Pattern &quot;AI Issue Generation&quot; has incomplete link', 'type': 'incomplete_link'}, {'pattern': 'AI Tool Integration', 'line': 25, 'error': 'Pattern &quot;AI Tool Integration&quot; has incomplete link', 'type': 'incomplete_link'}, {'pattern': 'Specification Driven Development', 'line': 29, 'error': 'Pattern &quot;Specification Driven Development&quot; has incomplete link', 'type': 'incomplete_link'}, {'pattern': 'Progressive AI Enhancement', 'line': 30, 'error': 'Pattern &quot;Progressive AI Enhancement&quot; has incomplete link', 'type': 'incomplete_link'}, {'pattern': 'AI Choice Generation', 'line': 31, 'error': 'Pattern &quot;AI Choice Generation&quot; has incomplete link', 'type': 'incomplete_link'}, {'pattern': 'Atomic Task Decomposition', 'line': 32, 'error': 'Pattern &quot;Atomic Task Decomposition&quot; has incomplete link', 'type': 'incomplete_link'}, {'pattern': 'Parallelized AI Coding Agents', 'line': 33, 'error': 'Pattern &quot;Parallelized AI Coding Agents&quot; has incomplete link', 'type': 'incomplete_link'}, {'pattern': 'Policy-as-Code Generation', 'line': 37, 'error': 'Pattern &quot;Policy-as-Code Generation&quot; has incomplete link', 'type': 'incomplete_link'}, {'pattern': 'Security Scanning Orchestration', 'line': 38, 'error': 'Pattern &quot;Security Scanning Orchestration&quot; has incomplete link', 'type': 'incomplete_link'}, {'pattern': 'Performance Baseline Management', 'line': 39, 'error': 'Pattern &quot;Performance Baseline Management&quot; has incomplete link', 'type': 'incomplete_link'}, {'pattern': 'AI-Driven Traceability', 'line': 40, 'error': 'Pattern &quot;AI-Driven Traceability&quot; has incomplete link', 'type': 'incomplete_link'}, {'pattern': 'AI Security Sandbox', 'line': 44, 'error': 'Pattern &quot;AI Security Sandbox&quot; not hyperlinked', 'type': 'unlinked_pattern'}, {'pattern': 'AI Issue Generation', 'line': 101, 'error': 'Pattern &quot;AI Issue Generation&quot; has incomplete link', 'type': 'incomplete_link'}, {'pattern': 'Atomic Task Decomposition', 'line': 104, 'error': 'Pattern &quot;Atomic Task Decomposition&quot; has incomplete link', 'type': 'incomplete_link'}, {'pattern': 'AI Issue Generation', 'line': 116, 'error': 'Pattern &quot;AI Issue Generation&quot; not hyperlinked', 'type': 'unlinked_pattern'}, {'pattern': 'Atomic Task Decomposition', 'line': 117, 'error': 'Pattern &quot;Atomic Task Decomposition&quot; not hyperlinked', 'type': 'unlinked_pattern'}, {'pattern': 'Progressive AI Enhancement', 'line': 118, 'error': 'Pattern &quot;Progressive AI Enhancement&quot; not hyperlinked', 'type': 'unlinked_pattern'}, {'pattern': 'AI Issue Generation', 'line': 121, 'error': 'Pattern &quot;AI Issue Generation&quot; not hyperlinked', 'type': 'unlinked_pattern'}, {'pattern': 'Atomic Task Decomposition', 'line': 122, 'error': 'Pattern &quot;Atomic Task Decomposition&quot; not hyperlinked', 'type': 'unlinked_pattern'}, {'pattern': 'AI Issue Generation', 'line': 126, 'error': 'Pattern &quot;AI Issue Generation&quot; not hyperlinked', 'type': 'unlinked_pattern'}, {'pattern': 'Atomic Task Decomposition', 'line': 127, 'error': 'Pattern &quot;Atomic Task Decomposition&quot; not hyperlinked', 'type': 'unlinked_pattern'}, {'pattern': 'Progressive AI Enhancement', 'line': 128, 'error': 'Pattern &quot;Progressive AI Enhancement&quot; not hyperlinked', 'type': 'unlinked_pattern'}, {'pattern': 'AI Readiness Assessment', 'line': 143, 'error': 'Pattern &quot;AI Readiness Assessment&quot; has incomplete link', 'type': 'incomplete_link'}, {'pattern': 'Rules as Code', 'line': 144, 'error': 'Pattern &quot;Rules as Code&quot; has incomplete link', 'type': 'incomplete_link'}, {'pattern': 'AI Security Sandbox', 'line': 145, 'error': 'Pattern &quot;AI Security Sandbox&quot; has incomplete link', 'type': 'incomplete_link'}, {'pattern': 'AI Developer Lifecycle', 'line': 147, 'error': 'Pattern &quot;AI Developer Lifecycle&quot; has incomplete link', 'type': 'incomplete_link'}, {'pattern': 'Progressive AI Enhancement', 'line': 148, 'error': 'Pattern &quot;Progressive AI Enhancement&quot; has incomplete link', 'type': 'incomplete_link'}, {'pattern': 'Parallelized AI Coding Agents', 'line': 151, 'error': 'Pattern &quot;Parallelized AI Coding Agents&quot; has incomplete link', 'type': 'incomplete_link'}, {'pattern': 'Specification Driven Development', 'line': 152, 'error': 'Pattern &quot;Specification Driven Development&quot; has incomplete link', 'type': 'incomplete_link'}, {'pattern': 'Atomic Task Decomposition', 'line': 153, 'error': 'Pattern &quot;Atomic Task Decomposition&quot; has incomplete link', 'type': 'incomplete_link'}, {'pattern': 'AI-Driven Traceability', 'line': 154, 'error': 'Pattern &quot;AI-Driven Traceability&quot; has incomplete link', 'type': 'incomplete_link'}, {'pattern': 'Policy-as-Code Generation', 'line': 157, 'error': 'Pattern &quot;Policy-as-Code Generation&quot; has incomplete link', 'type': 'incomplete_link'}, {'pattern': 'Performance Baseline Management', 'line': 158, 'error': 'Pattern &quot;Performance Baseline Management&quot; has incomplete link', 'type': 'incomplete_link'}, {'pattern': 'Progressive AI Enhancement', 'line': 191, 'error': 'Pattern &quot;Progressive AI Enhancement&quot; not hyperlinked', 'type': 'unlinked_pattern'}, {'pattern': 'AI Choice Generation', 'line': 191, 'error': 'Pattern &quot;AI Choice Generation&quot; not hyperlinked', 'type': 'unlinked_pattern'}, {'pattern': 'AI Security Sandbox', 'line': 192, 'error': 'Pattern &quot;AI Security Sandbox&quot; not hyperlinked', 'type': 'unlinked_pattern'}, {'pattern': 'Constraint-Based AI Development', 'line': 192, 'error': 'Pattern &quot;Constraint-Based AI Development&quot; not hyperlinked', 'type': 'unlinked_pattern'}, {'pattern': 'AI Developer Lifecycle', 'line': 196, 'error': 'Pattern &quot;AI Developer Lifecycle&quot; not hyperlinked', 'type': 'unlinked_pattern'}, {'pattern': 'Policy-as-Code Generation', 'line': 196, 'error': 'Pattern &quot;Policy-as-Code Generation&quot; not hyperlinked', 'type': 'unlinked_pattern'}, {'pattern': 'AI-Driven Traceability', 'line': 197, 'error': 'Pattern &quot;AI-Driven Traceability&quot; not hyperlinked', 'type': 'unlinked_pattern'}, {'pattern': 'Security Scanning Orchestration', 'line': 197, 'error': 'Pattern &quot;Security Scanning Orchestration&quot; not hyperlinked', 'type': 'unlinked_pattern'}, {'pattern': 'AI Choice Generation', 'line': 201, 'error': 'Pattern &quot;AI Choice Generation&quot; not hyperlinked', 'type': 'unlinked_pattern'}, {'pattern': 'Observable AI Development', 'line': 201, 'error': 'Pattern &quot;Observable AI Development&quot; not hyperlinked', 'type': 'unlinked_pattern'}, {'pattern': 'AI Knowledge Persistence', 'line': 202, 'error': 'Pattern &quot;AI Knowledge Persistence&quot; not hyperlinked', 'type': 'unlinked_pattern'}, {'pattern': 'Parallelized AI Coding Agents', 'line': 206, 'error': 'Pattern &quot;Parallelized AI Coding Agents&quot; not hyperlinked', 'type': 'unlinked_pattern'}, {'pattern': 'Performance Baseline Management', 'line': 206, 'error': 'Pattern &quot;Performance Baseline Management&quot; not hyperlinked', 'type': 'unlinked_pattern'}, {'pattern': 'Progressive AI Enhancement', 'line': 213, 'error': 'Pattern &quot;Progressive AI Enhancement&quot; not hyperlinked', 'type': 'unlinked_pattern'}, {'pattern': 'AI Choice Generation', 'line': 213, 'error': 'Pattern &quot;AI Choice Generation&quot; not hyperlinked', 'type': 'unlinked_pattern'}, {'pattern': 'Observable AI Development', 'line': 214, 'error': 'Pattern &quot;Observable AI Development&quot; not hyperlinked', 'type': 'unlinked_pattern'}, {'pattern': 'AI Issue Generation', 'line': 218, 'error': 'Pattern &quot;AI Issue Generation&quot; not hyperlinked', 'type': 'unlinked_pattern'}, {'pattern': 'Specification Driven Development', 'line': 219, 'error': 'Pattern &quot;Specification Driven Development&quot; not hyperlinked', 'type': 'unlinked_pattern'}, {'pattern': 'AI Tool Integration', 'line': 220, 'error': 'Pattern &quot;AI Tool Integration&quot; not hyperlinked', 'type': 'unlinked_pattern'}, {'pattern': 'AI Developer Lifecycle', 'line': 221, 'error': 'Pattern &quot;AI Developer Lifecycle&quot; not hyperlinked', 'type': 'unlinked_pattern'}, {'pattern': 'Parallelized AI Coding Agents', 'line': 222, 'error': 'Pattern &quot;Parallelized AI Coding Agents&quot; not hyperlinked', 'type': 'unlinked_pattern'}, {'pattern': 'AI-Driven Traceability', 'line': 223, 'error': 'Pattern &quot;AI-Driven Traceability&quot; not hyperlinked', 'type': 'unlinked_pattern'}, {'pattern': 'Atomic Task Decomposition', 'line': 226, 'error': 'Pattern &quot;Atomic Task Decomposition&quot; not hyperlinked', 'type': 'unlinked_pattern'}, {'pattern': 'AI-Driven Traceability', 'line': 227, 'error': 'Pattern &quot;AI-Driven Traceability&quot; not hyperlinked', 'type': 'unlinked_pattern'}, {'pattern': 'Policy-as-Code Generation', 'line': 233, 'error': 'Pattern &quot;Policy-as-Code Generation&quot; not hyperlinked', 'type': 'unlinked_pattern'}, {'pattern': 'AI Security Sandbox', 'line': 238, 'error': 'Pattern &quot;AI Security Sandbox&quot; not hyperlinked', 'type': 'unlinked_pattern'}, {'pattern': 'AI Knowledge Persistence', 'line': 239, 'error': 'Pattern &quot;AI Knowledge Persistence&quot; not hyperlinked', 'type': 'unlinked_pattern'}, {'pattern': 'Parallelized AI Coding Agents', 'line': 243, 'error': 'Pattern &quot;Parallelized AI Coding Agents&quot; not hyperlinked', 'type': 'unlinked_pattern'}, {'pattern': 'Observable AI Development', 'line': 244, 'error': 'Pattern &quot;Observable AI Development&quot; not hyperlinked', 'type': 'unlinked_pattern'}, {'pattern': 'Performance Baseline Management', 'line': 245, 'error': 'Pattern &quot;Performance Baseline Management&quot; not hyperlinked', 'type': 'unlinked_pattern'}, {'pattern': 'Progressive AI Enhancement', 'line': 248, 'error': 'Pattern &quot;Progressive AI Enhancement&quot; not hyperlinked', 'type': 'unlinked_pattern'}, {'pattern': 'AI-Driven Refactoring', 'line': 249, 'error': 'Pattern &quot;AI-Driven Refactoring&quot; not hyperlinked', 'type': 'unlinked_pattern'}, {'pattern': 'Constraint-Based AI Development', 'line': 250, 'error': 'Pattern &quot;Constraint-Based AI Development&quot; not hyperlinked', 'type': 'unlinked_pattern'}, {'pattern': 'AI Security Sandbox', 'line': 530, 'error': 'Pattern &quot;AI Security Sandbox&quot; not hyperlinked', 'type': 'unlinked_pattern'}, {'pattern': 'Progressive AI Enhancement', 'line': 844, 'error': 'Pattern &quot;Progressive AI Enhancement&quot; not hyperlinked', 'type': 'unlinked_pattern'}, {'pattern': 'AI Security Sandbox', 'line': 1695, 'error': 'Pattern &quot;AI Security Sandbox&quot; not hyperlinked', 'type': 'unlinked_pattern'}]&#10;assert not [{'error': 'Pattern &quot;AI Readiness Assessment&quot; has incomplete link', 'line': 21, 'pattern': 'AI Readiness Assessment', 'type': 'incomplete_link'}, {'error': 'Pattern &quot;Rules as Code&quot; has incomplete link', 'line': 21, 'pattern': 'Rules as Code', 'type': 'incomplete_link'}, {'error': 'Pattern &quot;AI Security Sandbox&quot; has incomplete link', 'line': 22, 'pattern': 'AI Security Sandbox', 'type': 'incomplete_link'}, {'error': 'Pattern &quot;AI Developer Lifecycle&quot; has incomplete link', 'line': 23, 'pattern': 'AI Developer Lifecycle', 'type': 'incomplete_link'}, {'error': 'Pattern &quot;AI Issue Generation&quot; has incomplete link', 'line': 24, 'pattern': 'AI Issue Generation', 'type': 'incomplete_link'}, {'error': 'Pattern &quot;AI Tool Integration&quot; has incomplete link', 'line': 25, 'pattern': 'AI Tool Integration', 'type': 'incomplete_link'}, ...]">test_links.py:140: in test_pattern_mentions_are_hyperlinked
    assert not critical_unlinked, f"Pattern mentions not hyperlinked: {critical_unlinked}"
E   AssertionError: Pattern mentions not hyperlinked: [{'pattern': 'AI Readiness Assessment', 'line': 21, 'error': 'Pattern "AI Readiness Assessment" has incomplete link', 'type': 'incomplete_link'}, {'pattern': 'Rules as Code', 'line': 21, 'error': 'Pattern "Rules as Code" has incomplete link', 'type': 'incomplete_link'}, {'pattern': 'AI Security Sandbox', 'line': 22, 'error': 'Pattern "AI Security Sandbox" has incomplete link', 'type': 'incomplete_link'}, {'pattern': 'AI Developer Lifecycle', 'line': 23, 'error': 'Pattern "AI Developer Lifecycle" has incomplete link', 'type': 'incomplete_link'}, {'pattern': 'AI Issue Generation', 'line': 24, 'error': 'Pattern "AI Issue Generation" has incomplete link', 'type': 'incomplete_link'}, {'pattern': 'AI Tool Integration', 'line': 25, 'error': 'Pattern "AI Tool Integration" has incomplete link', 'type': 'incomplete_link'}, {'pattern': 'Specification Driven Development', 'line': 29, 'error': 'Pattern "Specification Driven Development" has incomplete link', 'type': 'incomplete_link'}, {'pattern': 'Progressive AI Enhancement', 'line': 30, 'error': 'Pattern "Progressive AI Enhancement" has incomplete link', 'type': 'incomplete_link'}, {'pattern': 'AI Choice Generation', 'line': 31, 'error': 'Pattern "AI Choice Generation" has incomplete link', 'type': 'incomplete_link'}, {'pattern': 'Atomic Task Decomposition', 'line': 32, 'error': 'Pattern "Atomic Task Decomposition" has incomplete link', 'type': 'incomplete_link'}, {'pattern': 'Parallelized AI Coding Agents', 'line': 33, 'error': 'Pattern "Parallelized AI Coding Agents" has incomplete link', 'type': 'incomplete_link'}, {'pattern': 'Policy-as-Code Generation', 'line': 37, 'error': 'Pattern "Policy-as-Code Generation" has incomplete link', 'type': 'incomplete_link'}, {'pattern': 'Security Scanning Orchestration', 'line': 38, 'error': 'Pattern "Security Scanning Orchestration" has incomplete link', 'type': 'incomplete_link'}, {'pattern': 'Performance Baseline Management', 'line': 39, 'error': 'Pattern "Performance Baseline Management" has incomplete link', 'type': 'incomplete_link'}, {'pattern': 'AI-Driven Traceability', 'line': 40, 'error': 'Pattern "AI-Driven Traceability" has incomplete link', 'type': 'incomplete_link'}, {'pattern': 'AI Security Sandbox', 'line': 44, 'error': 'Pattern "AI Security Sandbox" not hyperlinked', 'type': 'unlinked_pattern'}, {'pattern': 'AI Issue Generation', 'line': 101, 'error': 'Pattern "AI Issue Generation" has incomplete link', 'type': 'incomplete_link'}, {'pattern': 'Atomic Task Decomposition', 'line': 104, 'error': 'Pattern "Atomic Task Decomposition" has incomplete link', 'type': 'incomplete_link'}, {'pattern': 'AI Issue Generation', 'line': 116, 'error': 'Pattern "AI Issue Generation" not hyperlinked', 'type': 'unlinked_pattern'}, {'pattern': 'Atomic Task Decomposition', 'line': 117, 'error': 'Pattern "Atomic Task Decomposition" not hyperlinked', 'type': 'unlinked_pattern'}, {'pattern': 'Progressive AI Enhancement', 'line': 118, 'error': 'Pattern "Progressive AI Enhancement" not hyperlinked', 'type': 'unlinked_pattern'}, {'pattern': 'AI Issue Generation', 'line': 121, 'error': 'Pattern "AI Issue Generation" not hyperlinked', 'type': 'unlinked_pattern'}, {'pattern': 'Atomic Task Decomposition', 'line': 122, 'error': 'Pattern "Atomic Task Decomposition" not hyperlinked', 'type': 'unlinked_pattern'}, {'pattern': 'AI Issue Generation', 'line': 126, 'error': 'Pattern "AI Issue Generation" not hyperlinked', 'type': 'unlinked_pattern'}, {'pattern': 'Atomic Task Decomposition', 'line': 127, 'error': 'Pattern "Atomic Task Decomposition" not hyperlinked', 'type': 'unlinked_pattern'}, {'pattern': 'Progressive AI Enhancement', 'line': 128, 'error': 'Pattern "Progressive AI Enhancement" not hyperlinked', 'type': 'unlinked_pattern'}, {'pattern': 'AI Readiness Assessment', 'line': 143, 'error': 'Pattern "AI Readiness Assessment" has incomplete link', 'type': 'incomplete_link'}, {'pattern': 'Rules as Code', 'line': 144, 'error': 'Pattern "Rules as Code" has incomplete link', 'type': 'incomplete_link'}, {'pattern': 'AI Security Sandbox', 'line': 145, 'error': 'Pattern "AI Security Sandbox" has incomplete link', 'type': 'incomplete_link'}, {'pattern': 'AI Developer Lifecycle', 'line': 147, 'error': 'Pattern "AI Developer Lifecycle" has incomplete link', 'type': 'incomplete_link'}, {'pattern': 'Progressive AI Enhancement', 'line': 148, 'error': 'Pattern "Progressive AI Enhancement" has incomplete link', 'type': 'incomplete_link'}, {'pattern': 'Parallelized AI Coding Agents', 'line': 151, 'error': 'Pattern "Parallelized AI Coding Agents" has incomplete link', 'type': 'incomplete_link'}, {'pattern': 'Specification Driven Development', 'line': 152, 'error': 'Pattern "Specification Driven Development" has incomplete link', 'type': 'incomplete_link'}, {'pattern': 'Atomic Task Decomposition', 'line': 153, 'error': 'Pattern "Atomic Task Decomposition" has incomplete link', 'type': 'incomplete_link'}, {'pattern': 'AI-Driven Traceability', 'line': 154, 'error': 'Pattern "AI-Driven Traceability" has incomplete link', 'type': 'incomplete_link'}, {'pattern': 'Policy-as-Code Generation', 'line': 157, 'error': 'Pattern "Policy-as-Code Generation" has incomplete link', 'type': 'incomplete_link'}, {'pattern': 'Performance Baseline Management', 'line': 158, 'error': 'Pattern "Performance Baseline Management" has incomplete link', 'type': 'incomplete_link'}, {'pattern': 'Progressive AI Enhancement', 'line': 191, 'error': 'Pattern "Progressive AI Enhancement" not hyperlinked', 'type': 'unlinked_pattern'}, {'pattern': 'AI Choice Generation', 'line': 191, 'error': 'Pattern "AI Choice Generation" not hyperlinked', 'type': 'unlinked_pattern'}, {'pattern': 'AI Security Sandbox', 'line': 192, 'error': 'Pattern "AI Security Sandbox" not hyperlinked', 'type': 'unlinked_pattern'}, {'pattern': 'Constraint-Based AI Development', 'line': 192, 'error': 'Pattern "Constraint-Based AI Development" not hyperlinked', 'type': 'unlinked_pattern'}, {'pattern': 'AI Developer Lifecycle', 'line': 196, 'error': 'Pattern "AI Developer Lifecycle" not hyperlinked', 'type': 'unlinked_pattern'}, {'pattern': 'Policy-as-Code Generation', 'line': 196, 'error': 'Pattern "Policy-as-Code Generation" not hyperlinked', 'type': 'unlinked_pattern'}, {'pattern': 'AI-Driven Traceability', 'line': 197, 'error': 'Pattern "AI-Driven Traceability" not hyperlinked', 'type': 'unlinked_pattern'}, {'pattern': 'Security Scanning Orchestration', 'line': 197, 'error': 'Pattern "Security Scanning Orchestration" not hyperlinked', 'type': 'unlinked_pattern'}, {'pattern': 'AI Choice Generation', 'line': 201, 'error': 'Pattern "AI Choice Generation" not hyperlinked', 'type': 'unlinked_pattern'}, {'pattern': 'Observable AI Development', 'line': 201, 'error': 'Pattern "Observable AI Development" not hyperlinked', 'type': 'unlinked_pattern'}, {'pattern': 'AI Knowledge Persistence', 'line': 202, 'error': 'Pattern "AI Knowledge Persistence" not hyperlinked', 'type': 'unlinked_pattern'}, {'pattern': 'Parallelized AI Coding Agents', 'line': 206, 'error': 'Pattern "Parallelized AI Coding Agents" not hyperlinked', 'type': 'unlinked_pattern'}, {'pattern': 'Performance Baseline Management', 'line': 206, 'error': 'Pattern "Performance Baseline Management" not hyperlinked', 'type': 'unlinked_pattern'}, {'pattern': 'Progressive AI Enhancement', 'line': 213, 'error': 'Pattern "Progressive AI Enhancement" not hyperlinked', 'type': 'unlinked_pattern'}, {'pattern': 'AI Choice Generation', 'line': 213, 'error': 'Pattern "AI Choice Generation" not hyperlinked', 'type': 'unlinked_pattern'}, {'pattern': 'Observable AI Development', 'line': 214, 'error': 'Pattern "Observable AI Development" not hyperlinked', 'type': 'unlinked_pattern'}, {'pattern': 'AI Issue Generation', 'line': 218, 'error': 'Pattern "AI Issue Generation" not hyperlinked', 'type': 'unlinked_pattern'}, {'pattern': 'Specification Driven Development', 'line': 219, 'error': 'Pattern "Specification Driven Development" not hyperlinked', 'type': 'unlinked_pattern'}, {'pattern': 'AI Tool Integration', 'line': 220, 'error': 'Pattern "AI Tool Integration" not hyperlinked', 'type': 'unlinked_pattern'}, {'pattern': 'AI Developer Lifecycle', 'line': 221, 'error': 'Pattern "AI Developer Lifecycle" not hyperlinked', 'type': 'unlinked_pattern'}, {'pattern': 'Parallelized AI Coding Agents', 'line': 222, 'error': 'Pattern "Parallelized AI Coding Agents" not hyperlinked', 'type': 'unlinked_pattern'}, {'pattern': 'AI-Driven Traceability', 'line': 223, 'error': 'Pattern "AI-Driven Traceability" not hyperlinked', 'type': 'unlinked_pattern'}, {'pattern': 'Atomic Task Decomposition', 'line': 226, 'error': 'Pattern "Atomic Task Decomposition" not hyperlinked', 'type': 'unlinked_pattern'}, {'pattern': 'AI-Driven Traceability', 'line': 227, 'error': 'Pattern "AI-Driven Traceability" not hyperlinked', 'type': 'unlinked_pattern'}, {'pattern': 'Policy-as-Code Generation', 'line': 233, 'error': 'Pattern "Policy-as-Code Generation" not hyperlinked', 'type': 'unlinked_pattern'}, {'pattern': 'AI Security Sandbox', 'line': 238, 'error': 'Pattern "AI Security Sandbox" not hyperlinked', 'type': 'unlinked_pattern'}, {'pattern': 'AI Knowledge Persistence', 'line': 239, 'error': 'Pattern "AI Knowledge Persistence" not hyperlinked', 'type': 'unlinked_pattern'}, {'pattern': 'Parallelized AI Coding Agents', 'line': 243, 'error': 'Pattern "Parallelized AI Coding Agents" not hyperlinked', 'type': 'unlinked_pattern'}, {'pattern': 'Observable AI Development', 'line': 244, 'error': 'Pattern "Observable AI Development" not hyperlinked', 'type': 'unlinked_pattern'}, {'pattern': 'Performance Baseline Management', 'line': 245, 'error': 'Pattern "Performance Baseline Management" not hyperlinked', 'type': 'unlinked_pattern'}, {'pattern': 'Progressive AI Enhancement', 'line': 248, 'error': 'Pattern "Progressive AI Enhancement" not hyperlinked', 'type': 'unlinked_pattern'}, {'pattern': 'AI-Driven Refactoring', 'line': 249, 'error': 'Pattern "AI-Driven Refactoring" not hyperlinked', 'type': 'unlinked_pattern'}, {'pattern': 'Constraint-Based AI Development', 'line': 250, 'error': 'Pattern "Constraint-Based AI Development" not hyperlinked', 'type': 'unlinked_pattern'}, {'pattern': 'AI Security Sandbox', 'line': 530, 'error': 'Pattern "AI Security Sandbox" not hyperlinked', 'type': 'unlinked_pattern'}, {'pattern': 'Progressive AI Enhancement', 'line': 844, 'error': 'Pattern "Progressive AI Enhancement" not hyperlinked', 'type': 'unlinked_pattern'}, {'pattern': 'AI Security Sandbox', 'line': 1695, 'error': 'Pattern "AI Security Sandbox" not hyperlinked', 'type': 'unlinked_pattern'}]
E   assert not [{'error': 'Pattern "AI Readiness Assessment" has incomplete link', 'line': 21, 'pattern': 'AI Readiness Assessment', 'type': 'incomplete_link'}, {'error': 'Pattern "Rules as Code" has incomplete link', 'line': 21, 'pattern': 'Rules as Code', 'type': 'incomplete_link'}, {'error': 'Pattern "AI Security Sandbox" has incomplete link', 'line': 22, 'pattern': 'AI Security Sandbox', 'type': 'incomplete_link'}, {'error': 'Pattern "AI Developer Lifecycle" has incomplete link', 'line': 23, 'pattern': 'AI Developer Lifecycle', 'type': 'incomplete_link'}, {'error': 'Pattern "AI Issue Generation" has incomplete link', 'line': 24, 'pattern': 'AI Issue Generation', 'type': 'incomplete_link'}, {'error': 'Pattern "AI Tool Integration" has incomplete link', 'line': 25, 'pattern': 'AI Tool Integration', 'type': 'incomplete_link'}, ...]</failure></testcase><testcase classname="test_links.TestHyperlinkIntegrity" name="test_no_broken_markdown_links" time="0.001"><failure message="AssertionError: Broken markdown link syntax: [{'line': 1248, 'content': 'return all([', 'issue': 'Unmatched brackets'}, {'line': 1248, 'content': 'return all([', 'issue': 'Unmatched parentheses in potential link'}, {'line': 1252, 'content': '])', 'issue': 'Unmatched brackets'}, {'line': 1252, 'content': '])', 'issue': 'Unmatched parentheses in potential link'}]&#10;assert not [{'content': 'return all([', 'issue': 'Unmatched brackets', 'line': 1248}, {'content': 'return all([', 'issue': 'Unmatched parentheses in potential link', 'line': 1248}, {'content': '])', 'issue': 'Unmatched brackets', 'line': 1252}, {'content': '])', 'issue': 'Unmatched parentheses in potential link', 'line': 1252}]">test_links.py:190: in test_no_broken_markdown_links
    assert not broken_markdown, f"Broken markdown link syntax: {broken_markdown}"
E   AssertionError: Broken markdown link syntax: [{'line': 1248, 'content': 'return all([', 'issue': 'Unmatched brackets'}, {'line': 1248, 'content': 'return all([', 'issue': 'Unmatched parentheses in potential link'}, {'line': 1252, 'content': '])', 'issue': 'Unmatched brackets'}, {'line': 1252, 'content': '])', 'issue': 'Unmatched parentheses in potential link'}]
E   assert not [{'content': 'return all([', 'issue': 'Unmatched brackets', 'line': 1248}, {'content': 'return all([', 'issue': 'Unmatched parentheses in potential link', 'line': 1248}, {'content': '])', 'issue': 'Unmatched brackets', 'line': 1252}, {'content': '])', 'issue': 'Unmatched parentheses in potential link', 'line': 1252}]</failure></testcase><testcase classname="test_links.TestHyperlinkIntegrity" name="test_duplicate_anchor_targets" time="0.001" /><testcase classname="test_links.TestHyperlinkIntegrity" name="test_link_density_reasonable" time="0.001" /><testcase classname="test_links.TestLinkQuality" name="test_external_links_use_https" time="0.000" /><testcase classname="test_links.TestLinkQuality" name="test_link_text_descriptive" time="0.000"><failure message="re.error: missing ), unterminated subpattern at position 12">test_links.py:268: in test_link_text_descriptive
    if re.search(pattern, line, re.IGNORECASE):
       ^^^^^^^^^^^^^^^^^^^^^^^^^^^^^^^^^^^^^^^
/opt/homebrew/Cellar/python@3.11/3.11.12_1/Frameworks/Python.framework/Versions/3.11/lib/python3.11/re/__init__.py:176: in search
    return _compile(pattern, flags).search(string)
           ^^^^^^^^^^^^^^^^^^^^^^^^
/opt/homebrew/Cellar/python@3.11/3.11.12_1/Frameworks/Python.framework/Versions/3.11/lib/python3.11/re/__init__.py:294: in _compile
    p = _compiler.compile(pattern, flags)
        ^^^^^^^^^^^^^^^^^^^^^^^^^^^^^^^^^
/opt/homebrew/Cellar/python@3.11/3.11.12_1/Frameworks/Python.framework/Versions/3.11/lib/python3.11/re/_compiler.py:745: in compile
    p = _parser.parse(p, flags)
        ^^^^^^^^^^^^^^^^^^^^^^^
/opt/homebrew/Cellar/python@3.11/3.11.12_1/Frameworks/Python.framework/Versions/3.11/lib/python3.11/re/_parser.py:989: in parse
    p = _parse_sub(source, state, flags &amp; SRE_FLAG_VERBOSE, 0)
        ^^^^^^^^^^^^^^^^^^^^^^^^^^^^^^^^^^^^^^^^^^^^^^^^^^^^^^
/opt/homebrew/Cellar/python@3.11/3.11.12_1/Frameworks/Python.framework/Versions/3.11/lib/python3.11/re/_parser.py:464: in _parse_sub
    itemsappend(_parse(source, state, verbose, nested + 1,
/opt/homebrew/Cellar/python@3.11/3.11.12_1/Frameworks/Python.framework/Versions/3.11/lib/python3.11/re/_parser.py:874: in _parse
    raise source.error("missing ), unterminated subpattern",
E   re.error: missing ), unterminated subpattern at position 12</failure></testcase></testsuite></testsuites>