<?xml version="1.0" encoding="utf-8"?><testsuites name="pytest tests"><testsuite name="pytest" errors="0" failures="1" skipped="0" tests="10" time="0.038" timestamp="2025-07-30T20:34:01.960070-04:00" hostname="Zenith"><testcase classname="test_pattern_compliance.TestPatternSpecCompliance" name="test_all_expected_patterns_exist" time="0.002" /><testcase classname="test_pattern_compliance.TestPatternSpecCompliance" name="test_pattern_header_structure" time="0.002" /><testcase classname="test_pattern_compliance.TestPatternSpecCompliance" name="test_maturity_levels_valid" time="0.002" /><testcase classname="test_pattern_compliance.TestPatternSpecCompliance" name="test_patterns_have_anti_patterns" time="0.002"><failure message="AssertionError: Patterns missing anti-pattern sections: ['AI Readiness Assessment', 'AI Issue Generation', 'Specification Driven Development', 'Constraint-Based AI Development', 'AI-Driven Refactoring']&#10;assert not ['AI Readiness Assessment', 'AI Issue Generation', 'Specification Driven Development', 'Constraint-Based AI Development', 'AI-Driven Refactoring']">test_pattern_compliance.py:108: in test_patterns_have_anti_patterns
    assert not missing_anti_patterns, f"Patterns missing anti-pattern sections: {missing_anti_patterns}"
E   AssertionError: Patterns missing anti-pattern sections: ['AI Readiness Assessment', 'AI Issue Generation', 'Specification Driven Development', 'Constraint-Based AI Development', 'AI-Driven Refactoring']
E   assert not ['AI Readiness Assessment', 'AI Issue Generation', 'Specification Driven Development', 'Constraint-Based AI Development', 'AI-Driven Refactoring']</failure></testcase><testcase classname="test_pattern_compliance.TestPatternSpecCompliance" name="test_pattern_implementation_content_exists" time="0.002" /><testcase classname="test_pattern_compliance.TestPatternSpecCompliance" name="test_pattern_descriptions_are_single_sentence" time="0.002" /><testcase classname="test_pattern_compliance.TestPatternSpecCompliance" name="test_anti_patterns_have_descriptive_names" time="0.001" /><testcase classname="test_pattern_compliance.TestPatternSpecCompliance" name="test_pattern_organization_follows_spec" time="0.002" /><testcase classname="test_pattern_compliance.TestPatternSpecCompliance" name="test_related_patterns_are_hyperlinked" time="0.002" /><testcase classname="test_pattern_compliance.TestPatternSpecCompliance" name="test_reference_table_completeness" time="0.002" /></testsuite></testsuites>